<?xml version="1.0" encoding="UTF-8"?>
<testng-results ignored="0" total="4" passed="4" failed="0" skipped="0">
  <reporter-output>
  </reporter-output>
  <suite started-at="2024-05-07T22:09:40 IST" name="Default suite" finished-at="2024-05-07T22:09:48 IST" duration-ms="7921">
    <groups>
    </groups>
    <test started-at="2024-05-07T22:09:40 IST" name="Default test" finished-at="2024-05-07T22:09:48 IST" duration-ms="7921">
      <class name="systemTests.SearchItems">
        <test-method is-config="true" signature="openBrowser()[pri:0, instance:systemTests.SearchItems@5824a83d]" started-at="2024-05-07T22:09:36 IST" name="openBrowser" finished-at="2024-05-07T22:09:40 IST" duration-ms="4176" status="PASS">
          <reporter-output>
          </reporter-output>
        </test-method> <!-- openBrowser -->
        <test-method is-config="true" signature="setUP(java.lang.reflect.Method)[pri:0, instance:systemTests.SearchItems@5824a83d]" started-at="2024-05-07T22:09:40 IST" name="setUP" finished-at="2024-05-07T22:09:40 IST" duration-ms="7" status="PASS">
          <params>
            <param index="0">
              <value>
                <![CDATA[public void systemTests.SearchItems.clickLens()]]>
              </value>
            </param>
          </params>
          <reporter-output>
          </reporter-output>
        </test-method> <!-- setUP -->
        <test-method signature="clickLens()[pri:1, instance:systemTests.SearchItems@5824a83d]" started-at="2024-05-07T22:09:40 IST" name="clickLens" finished-at="2024-05-07T22:09:40 IST" duration-ms="80" status="PASS">
          <reporter-output>
          </reporter-output>
        </test-method> <!-- clickLens -->
        <test-method is-config="true" signature="afterExecution(org.testng.ITestResult)[pri:0, instance:systemTests.SearchItems@5824a83d]" started-at="2024-05-07T22:09:40 IST" name="afterExecution" finished-at="2024-05-07T22:09:41 IST" duration-ms="164" status="PASS">
          <params>
            <param index="0">
              <value>
                <![CDATA[[TestResult name=clickLens status=SUCCESS method=SearchItems.clickLens()[pri:1, instance:systemTests.SearchItems@5824a83d] output={null}]]]>
              </value>
            </param>
          </params>
          <reporter-output>
          </reporter-output>
        </test-method> <!-- afterExecution -->
        <test-method is-config="true" signature="setUP(java.lang.reflect.Method)[pri:0, instance:systemTests.SearchItems@5824a83d]" started-at="2024-05-07T22:09:41 IST" name="setUP" finished-at="2024-05-07T22:09:41 IST" duration-ms="0" status="PASS">
          <params>
            <param index="0">
              <value>
                <![CDATA[public void systemTests.SearchItems.checkSearchBoxIsPresent()]]>
              </value>
            </param>
          </params>
          <reporter-output>
          </reporter-output>
        </test-method> <!-- setUP -->
        <test-method signature="checkSearchBoxIsPresent()[pri:2, instance:systemTests.SearchItems@5824a83d]" started-at="2024-05-07T22:09:41 IST" name="checkSearchBoxIsPresent" finished-at="2024-05-07T22:09:46 IST" duration-ms="5120" status="PASS">
          <reporter-output>
          </reporter-output>
        </test-method> <!-- checkSearchBoxIsPresent -->
        <test-method is-config="true" signature="afterExecution(org.testng.ITestResult)[pri:0, instance:systemTests.SearchItems@5824a83d]" started-at="2024-05-07T22:09:46 IST" name="afterExecution" finished-at="2024-05-07T22:09:46 IST" duration-ms="452" status="PASS">
          <params>
            <param index="0">
              <value>
                <![CDATA[[TestResult name=checkSearchBoxIsPresent status=SUCCESS method=SearchItems.checkSearchBoxIsPresent()[pri:2, instance:systemTests.SearchItems@5824a83d] output={null}]]]>
              </value>
            </param>
          </params>
          <reporter-output>
          </reporter-output>
        </test-method> <!-- afterExecution -->
        <test-method is-config="true" signature="setUP(java.lang.reflect.Method)[pri:0, instance:systemTests.SearchItems@5824a83d]" started-at="2024-05-07T22:09:46 IST" name="setUP" finished-at="2024-05-07T22:09:46 IST" duration-ms="0" status="PASS">
          <params>
            <param index="0">
              <value>
                <![CDATA[public void systemTests.SearchItems.enterSearchWord()]]>
              </value>
            </param>
          </params>
          <reporter-output>
          </reporter-output>
        </test-method> <!-- setUP -->
        <test-method signature="enterSearchWord()[pri:3, instance:systemTests.SearchItems@5824a83d]" started-at="2024-05-07T22:09:46 IST" name="enterSearchWord" finished-at="2024-05-07T22:09:46 IST" duration-ms="107" status="PASS">
          <reporter-output>
          </reporter-output>
        </test-method> <!-- enterSearchWord -->
        <test-method is-config="true" signature="afterExecution(org.testng.ITestResult)[pri:0, instance:systemTests.SearchItems@5824a83d]" started-at="2024-05-07T22:09:46 IST" name="afterExecution" finished-at="2024-05-07T22:09:47 IST" duration-ms="379" status="PASS">
          <params>
            <param index="0">
              <value>
                <![CDATA[[TestResult name=enterSearchWord status=SUCCESS method=SearchItems.enterSearchWord()[pri:3, instance:systemTests.SearchItems@5824a83d] output={null}]]]>
              </value>
            </param>
          </params>
          <reporter-output>
          </reporter-output>
        </test-method> <!-- afterExecution -->
        <test-method signature="checkSearchResults()[pri:4, instance:systemTests.SearchItems@5824a83d]" started-at="2024-05-07T22:09:47 IST" name="checkSearchResults" finished-at="2024-05-07T22:09:48 IST" duration-ms="1038" status="PASS">
          <reporter-output>
          </reporter-output>
        </test-method> <!-- checkSearchResults -->
        <test-method is-config="true" signature="setUP(java.lang.reflect.Method)[pri:0, instance:systemTests.SearchItems@5824a83d]" started-at="2024-05-07T22:09:47 IST" name="setUP" finished-at="2024-05-07T22:09:47 IST" duration-ms="0" status="PASS">
          <params>
            <param index="0">
              <value>
                <![CDATA[public void systemTests.SearchItems.checkSearchResults()]]>
              </value>
            </param>
          </params>
          <reporter-output>
          </reporter-output>
        </test-method> <!-- setUP -->
        <test-method is-config="true" signature="afterExecution(org.testng.ITestResult)[pri:0, instance:systemTests.SearchItems@5824a83d]" started-at="2024-05-07T22:09:48 IST" name="afterExecution" finished-at="2024-05-07T22:09:48 IST" duration-ms="159" status="PASS">
          <params>
            <param index="0">
              <value>
                <![CDATA[[TestResult name=checkSearchResults status=SUCCESS method=SearchItems.checkSearchResults()[pri:4, instance:systemTests.SearchItems@5824a83d] output={null}]]]>
              </value>
            </param>
          </params>
          <reporter-output>
          </reporter-output>
        </test-method> <!-- afterExecution -->
        <test-method is-config="true" signature="end()[pri:0, instance:systemTests.SearchItems@5824a83d]" started-at="2024-05-07T22:09:48 IST" name="end" finished-at="2024-05-07T22:09:48 IST" duration-ms="373" status="PASS">
          <reporter-output>
          </reporter-output>
        </test-method> <!-- end -->
      </class> <!-- systemTests.SearchItems -->
    </test> <!-- Default test -->
  </suite> <!-- Default suite -->
</testng-results>
