<?xml version="1.0" encoding="UTF-8"?>
<!-- Generated by org.testng.reporters.JUnitXMLReporter -->
<testsuite ignored="0" hostname="f3191f1a039a574" failures="0" tests="4" name="Default test" time="7.921" errors="0" timestamp="2024-05-07T22:09:48 IST">
  <testcase classname="systemTests.SearchItems" name="clickLens" time="0.08"/>
  <testcase classname="systemTests.SearchItems" name="checkSearchBoxIsPresent" time="5.12"/>
  <testcase classname="systemTests.SearchItems" name="enterSearchWord" time="0.107"/>
  <testcase classname="systemTests.SearchItems" name="checkSearchResults" time="1.038"/>
</testsuite> <!-- Default test -->
